<?xml version="1.0" encoding="UTF-8"?>
<!-- Generated by org.testng.reporters.JUnitReportReporter -->
<testsuite hostname="DESKTOP-P8VEMKN" failures="0" tests="1" name="com.mvn.MavenP.TestngMaven" time="0.029" errors="0" timestamp="2024-09-24T21:25:29 IST" skipped="0">
  <testcase classname="com.mvn.MavenP.TestngMaven" name="test1" time="0.029"/>
  <system-out/>
</testsuite> <!-- com.mvn.MavenP.TestngMaven -->
